<?xml version="1.0" encoding="UTF-8"?>
<testsuite name="org.example.HelloWorldTest" tests="1" skipped="0" failures="0" errors="0" timestamp="2025-06-08T06:21:15.370Z" hostname="Tomaszs-MacBook-Air.local" time="0.007">
  <properties/>
  <testcase name="testGetGreeting()" classname="org.example.HelloWorldTest" time="0.007"/>
  <system-out><![CDATA[]]></system-out>
  <system-err><![CDATA[]]></system-err>
</testsuite>
